# JRE version: OpenJDK Runtime Environment (21.0.5) (build 21.0.5+-12932927-b750.29)
# Java VM: OpenJDK 64-Bit Server VM (21.0.5+-12932927-b750.29, mixed mode, tiered, compressed oops, compressed class ptrs, g1 gc, windows-amd64)
GC Precious Log:
 CardTable entry size: 512
 Card Set container configuration: InlinePtr #cards 5 size 8 Array Of Cards #cards 12 size 40 Howl #buckets 4 coarsen threshold 1843 Howl Bitmap #cards 512 size 80 coarsen threshold 460 Card regions per heap region 1 cards per card region 2048
 CPUs: 8 total, 8 available
 Memory: 8025M
 Large Page Support: Disabled
 NUMA Support: Disabled
 Compressed Oops: Enabled (32-bit)
 Heap Region Size: 1M
 Heap Min Capacity: 8M
 Heap Initial Capacity: 126M
 Heap Max Capacity: 2G
 Pre-touch: Disabled
 Parallel Workers: 8
 Concurrent Workers: 2
 Concurrent Refinement Workers: 8
 Periodic GC: Disabled
Heap:
 garbage-first heap   total 372736K, used 368640K [0x0000000080000000, 0x0000000100000000)
  region size 1024K, 94 young (96256K), 2 survivors (2048K)
 Metaspace       used 137101K, committed 139520K, reserved 1179648K
  class space    used 18884K, committed 20096K, reserved 1048576K
GC Heap History (20 events):
Event: 21.251 GC heap after
{Heap after GC invocations=32 (full 0):
 garbage-first heap   total 171008K, used 94850K [0x0000000080000000, 0x0000000100000000)
  region size 1024K, 8 young (8192K), 8 survivors (8192K)
 Metaspace       used 101871K, committed 104064K, reserved 1179648K
  class space    used 13941K, committed 15040K, reserved 1048576K
}
Event: 21.882 GC heap before
{Heap before GC invocations=32 (full 0):
 garbage-first heap   total 171008K, used 153218K [0x0000000080000000, 0x0000000100000000)
  region size 1024K, 65 young (66560K), 8 survivors (8192K)
 Metaspace       used 107154K, committed 109376K, reserved 1179648K
  class space    used 14667K, committed 15808K, reserved 1048576K
}
Event: 21.890 GC heap after
{Heap after GC invocations=33 (full 0):
 garbage-first heap   total 171008K, used 98199K [0x0000000080000000, 0x0000000100000000)
  region size 1024K, 8 young (8192K), 8 survivors (8192K)
 Metaspace       used 107154K, committed 109376K, reserved 1179648K
  class space    used 14667K, committed 15808K, reserved 1048576K
}
Event: 22.646 GC heap before
{Heap before GC invocations=34 (full 0):
 garbage-first heap   total 171008K, used 151447K [0x0000000080000000, 0x0000000100000000)
  region size 1024K, 61 young (62464K), 8 survivors (8192K)
 Metaspace       used 110478K, committed 112768K, reserved 1179648K
  class space    used 15185K, committed 16320K, reserved 1048576K
}
Event: 22.657 GC heap after
{Heap after GC invocations=35 (full 0):
 garbage-first heap   total 171008K, used 104064K [0x0000000080000000, 0x0000000100000000)
  region size 1024K, 8 young (8192K), 8 survivors (8192K)
 Metaspace       used 110478K, committed 112768K, reserved 1179648K
  class space    used 15185K, committed 16320K, reserved 1048576K
}
Event: 23.136 GC heap before
{Heap before GC invocations=35 (full 0):
 garbage-first heap   total 171008K, used 153216K [0x0000000080000000, 0x0000000100000000)
  region size 1024K, 56 young (57344K), 8 survivors (8192K)
 Metaspace       used 110721K, committed 112960K, reserved 1179648K
  class space    used 15195K, committed 16320K, reserved 1048576K
}
Event: 23.153 GC heap after
{Heap after GC invocations=36 (full 0):
 garbage-first heap   total 171008K, used 110279K [0x0000000080000000, 0x0000000100000000)
  region size 1024K, 7 young (7168K), 7 survivors (7168K)
 Metaspace       used 110721K, committed 112960K, reserved 1179648K
  class space    used 15195K, committed 16320K, reserved 1048576K
}
Event: 23.575 GC heap before
{Heap before GC invocations=36 (full 0):
 garbage-first heap   total 171008K, used 152263K [0x0000000080000000, 0x0000000100000000)
  region size 1024K, 49 young (50176K), 7 survivors (7168K)
 Metaspace       used 111250K, committed 113536K, reserved 1179648K
  class space    used 15297K, committed 16448K, reserved 1048576K
}
Event: 23.584 GC heap after
{Heap after GC invocations=37 (full 0):
 garbage-first heap   total 171008K, used 113395K [0x0000000080000000, 0x0000000100000000)
  region size 1024K, 4 young (4096K), 4 survivors (4096K)
 Metaspace       used 111250K, committed 113536K, reserved 1179648K
  class space    used 15297K, committed 16448K, reserved 1048576K
}
Event: 23.866 GC heap before
{Heap before GC invocations=38 (full 0):
 garbage-first heap   total 191488K, used 154355K [0x0000000080000000, 0x0000000100000000)
  region size 1024K, 45 young (46080K), 4 survivors (4096K)
 Metaspace       used 111334K, committed 113600K, reserved 1179648K
  class space    used 15307K, committed 16448K, reserved 1048576K
}
Event: 23.871 GC heap after
{Heap after GC invocations=39 (full 0):
 garbage-first heap   total 191488K, used 115190K [0x0000000080000000, 0x0000000100000000)
  region size 1024K, 5 young (5120K), 5 survivors (5120K)
 Metaspace       used 111334K, committed 113600K, reserved 1179648K
  class space    used 15307K, committed 16448K, reserved 1048576K
}
Event: 24.303 GC heap before
{Heap before GC invocations=39 (full 0):
 garbage-first heap   total 191488K, used 174582K [0x0000000080000000, 0x0000000100000000)
  region size 1024K, 64 young (65536K), 5 survivors (5120K)
 Metaspace       used 111747K, committed 114048K, reserved 1179648K
  class space    used 15368K, committed 16512K, reserved 1048576K
}
Event: 24.313 GC heap after
{Heap after GC invocations=40 (full 0):
 garbage-first heap   total 247808K, used 117693K [0x0000000080000000, 0x0000000100000000)
  region size 1024K, 6 young (6144K), 6 survivors (6144K)
 Metaspace       used 111747K, committed 114048K, reserved 1179648K
  class space    used 15368K, committed 16512K, reserved 1048576K
}
Event: 25.189 GC heap before
{Heap before GC invocations=40 (full 0):
 garbage-first heap   total 247808K, used 226237K [0x0000000080000000, 0x0000000100000000)
  region size 1024K, 113 young (115712K), 6 survivors (6144K)
 Metaspace       used 115266K, committed 117568K, reserved 1179648K
  class space    used 15812K, committed 16960K, reserved 1048576K
}
Event: 25.199 GC heap after
{Heap after GC invocations=41 (full 0):
 garbage-first heap   total 247808K, used 123540K [0x0000000080000000, 0x0000000100000000)
  region size 1024K, 12 young (12288K), 12 survivors (12288K)
 Metaspace       used 115266K, committed 117568K, reserved 1179648K
  class space    used 15812K, committed 16960K, reserved 1048576K
}
Event: 29.858 GC heap before
{Heap before GC invocations=41 (full 0):
 garbage-first heap   total 247808K, used 178836K [0x0000000080000000, 0x0000000100000000)
  region size 1024K, 68 young (69632K), 12 survivors (12288K)
 Metaspace       used 116251K, committed 118592K, reserved 1179648K
  class space    used 15973K, committed 17152K, reserved 1048576K
}
Event: 29.871 GC heap after
{Heap after GC invocations=42 (full 0):
 garbage-first heap   total 247808K, used 126521K [0x0000000080000000, 0x0000000100000000)
  region size 1024K, 10 young (10240K), 10 survivors (10240K)
 Metaspace       used 116251K, committed 118592K, reserved 1179648K
  class space    used 15973K, committed 17152K, reserved 1048576K
}
Event: 31.501 GC heap before
{Heap before GC invocations=43 (full 0):
 garbage-first heap   total 247808K, used 226873K [0x0000000080000000, 0x0000000100000000)
  region size 1024K, 104 young (106496K), 10 survivors (10240K)
 Metaspace       used 128092K, committed 130496K, reserved 1179648K
  class space    used 17568K, committed 18752K, reserved 1048576K
}
Event: 31.510 GC heap after
{Heap after GC invocations=44 (full 0):
 garbage-first heap   total 247808K, used 129024K [0x0000000080000000, 0x0000000100000000)
  region size 1024K, 6 young (6144K), 6 survivors (6144K)
 Metaspace       used 128092K, committed 130496K, reserved 1179648K
  class space    used 17568K, committed 18752K, reserved 1048576K
}
Event: 33.547 GC heap before
{Heap before GC invocations=44 (full 0):
 garbage-first heap   total 368640K, used 367616K [0x0000000080000000, 0x0000000100000000)
  region size 1024K, 98 young (100352K), 6 survivors (6144K)
 Metaspace       used 137101K, committed 139520K, reserved 1179648K
  class space    used 18884K, committed 20096K, reserved 1048576K
}

