# JRE version: OpenJDK Runtime Environment (21.0.5) (build 21.0.5+-12932927-b750.29)
# Java VM: OpenJDK 64-Bit Server VM (21.0.5+-12932927-b750.29, mixed mode, tiered, compressed oops, compressed class ptrs, g1 gc, windows-amd64)
GC Precious Log:
 CardTable entry size: 512
 Card Set container configuration: InlinePtr #cards 5 size 8 Array Of Cards #cards 12 size 40 Howl #buckets 4 coarsen threshold 1843 Howl Bitmap #cards 512 size 80 coarsen threshold 460 Card regions per heap region 1 cards per card region 2048
 CPUs: 8 total, 8 available
 Memory: 8025M
 Large Page Support: Disabled
 NUMA Support: Disabled
 Compressed Oops: Enabled (32-bit)
 Heap Region Size: 1M
 Heap Min Capacity: 8M
 Heap Initial Capacity: 126M
 Heap Max Capacity: 2G
 Pre-touch: Disabled
 Parallel Workers: 8
 Concurrent Workers: 2
 Concurrent Refinement Workers: 8
 Periodic GC: Disabled
Heap:
 garbage-first heap   total 296960K, used 287958K [0x0000000080000000, 0x0000000100000000)
  region size 1024K, 11 young (11264K), 7 survivors (7168K)
 Metaspace       used 141092K, committed 143424K, reserved 1179648K
  class space    used 19299K, committed 20480K, reserved 1048576K
GC Heap History (20 events):
Event: 42.362 GC heap before
{Heap before GC invocations=52 (full 0):
 garbage-first heap   total 232448K, used 215610K [0x0000000080000000, 0x0000000100000000)
  region size 1024K, 73 young (74752K), 2 survivors (2048K)
 Metaspace       used 133939K, committed 136256K, reserved 1179648K
  class space    used 18424K, committed 19584K, reserved 1048576K
}
Event: 42.367 GC heap after
{Heap after GC invocations=53 (full 0):
 garbage-first heap   total 232448K, used 143924K [0x0000000080000000, 0x0000000100000000)
  region size 1024K, 2 young (2048K), 2 survivors (2048K)
 Metaspace       used 133939K, committed 136256K, reserved 1179648K
  class space    used 18424K, committed 19584K, reserved 1048576K
}
Event: 43.066 GC heap before
{Heap before GC invocations=54 (full 0):
 garbage-first heap   total 240640K, used 216628K [0x0000000080000000, 0x0000000100000000)
  region size 1024K, 73 young (74752K), 2 survivors (2048K)
 Metaspace       used 134115K, committed 136384K, reserved 1179648K
  class space    used 18430K, committed 19584K, reserved 1048576K
}
Event: 43.071 GC heap after
{Heap after GC invocations=55 (full 0):
 garbage-first heap   total 240640K, used 144021K [0x0000000080000000, 0x0000000100000000)
  region size 1024K, 2 young (2048K), 2 survivors (2048K)
 Metaspace       used 134115K, committed 136384K, reserved 1179648K
  class space    used 18430K, committed 19584K, reserved 1048576K
}
Event: 43.666 GC heap before
{Heap before GC invocations=55 (full 0):
 garbage-first heap   total 240640K, used 224917K [0x0000000080000000, 0x0000000100000000)
  region size 1024K, 81 young (82944K), 2 survivors (2048K)
 Metaspace       used 134317K, committed 136640K, reserved 1179648K
  class space    used 18448K, committed 19648K, reserved 1048576K
}
Event: 43.675 GC heap after
{Heap after GC invocations=56 (full 0):
 garbage-first heap   total 240640K, used 144526K [0x0000000080000000, 0x0000000100000000)
  region size 1024K, 4 young (4096K), 4 survivors (4096K)
 Metaspace       used 134317K, committed 136640K, reserved 1179648K
  class space    used 18448K, committed 19648K, reserved 1048576K
}
Event: 44.164 GC heap before
{Heap before GC invocations=56 (full 0):
 garbage-first heap   total 240640K, used 221326K [0x0000000080000000, 0x0000000100000000)
  region size 1024K, 80 young (81920K), 4 survivors (4096K)
 Metaspace       used 135750K, committed 138048K, reserved 1179648K
  class space    used 18677K, committed 19840K, reserved 1048576K
}
Event: 44.173 GC heap after
{Heap after GC invocations=57 (full 0):
 garbage-first heap   total 240640K, used 145197K [0x0000000080000000, 0x0000000100000000)
  region size 1024K, 5 young (5120K), 5 survivors (5120K)
 Metaspace       used 135750K, committed 138048K, reserved 1179648K
  class space    used 18677K, committed 19840K, reserved 1048576K
}
Event: 45.202 GC heap before
{Heap before GC invocations=58 (full 0):
 garbage-first heap   total 244736K, used 219949K [0x0000000080000000, 0x0000000100000000)
  region size 1024K, 79 young (80896K), 5 survivors (5120K)
 Metaspace       used 136772K, committed 139136K, reserved 1179648K
  class space    used 18782K, committed 19968K, reserved 1048576K
}
Event: 45.211 GC heap after
{Heap after GC invocations=59 (full 0):
 garbage-first heap   total 244736K, used 147398K [0x0000000080000000, 0x0000000100000000)
  region size 1024K, 7 young (7168K), 7 survivors (7168K)
 Metaspace       used 136772K, committed 139136K, reserved 1179648K
  class space    used 18782K, committed 19968K, reserved 1048576K
}
Event: 46.077 GC heap before
{Heap before GC invocations=59 (full 0):
 garbage-first heap   total 244736K, used 222150K [0x0000000080000000, 0x0000000100000000)
  region size 1024K, 81 young (82944K), 7 survivors (7168K)
 Metaspace       used 136962K, committed 139328K, reserved 1179648K
  class space    used 18791K, committed 19968K, reserved 1048576K
}
Event: 46.086 GC heap after
{Heap after GC invocations=60 (full 0):
 garbage-first heap   total 244736K, used 142261K [0x0000000080000000, 0x0000000100000000)
  region size 1024K, 3 young (3072K), 3 survivors (3072K)
 Metaspace       used 136962K, committed 139328K, reserved 1179648K
  class space    used 18791K, committed 19968K, reserved 1048576K
}
Event: 46.748 GC heap before
{Heap before GC invocations=60 (full 0):
 garbage-first heap   total 244736K, used 226229K [0x0000000080000000, 0x0000000100000000)
  region size 1024K, 86 young (88064K), 3 survivors (3072K)
 Metaspace       used 137091K, committed 139392K, reserved 1179648K
  class space    used 18792K, committed 19968K, reserved 1048576K
}
Event: 46.756 GC heap after
{Heap after GC invocations=61 (full 0):
 garbage-first heap   total 244736K, used 145044K [0x0000000080000000, 0x0000000100000000)
  region size 1024K, 6 young (6144K), 6 survivors (6144K)
 Metaspace       used 137091K, committed 139392K, reserved 1179648K
  class space    used 18792K, committed 19968K, reserved 1048576K
}
Event: 47.611 GC heap before
{Heap before GC invocations=62 (full 0):
 garbage-first heap   total 244736K, used 222868K [0x0000000080000000, 0x0000000100000000)
  region size 1024K, 83 young (84992K), 6 survivors (6144K)
 Metaspace       used 137196K, committed 139520K, reserved 1179648K
  class space    used 18793K, committed 19968K, reserved 1048576K
}
Event: 47.619 GC heap after
{Heap after GC invocations=63 (full 0):
 garbage-first heap   total 244736K, used 145055K [0x0000000080000000, 0x0000000100000000)
  region size 1024K, 6 young (6144K), 6 survivors (6144K)
 Metaspace       used 137196K, committed 139520K, reserved 1179648K
  class space    used 18793K, committed 19968K, reserved 1048576K
}
Event: 48.899 GC heap before
{Heap before GC invocations=63 (full 0):
 garbage-first heap   total 244736K, used 222879K [0x0000000080000000, 0x0000000100000000)
  region size 1024K, 83 young (84992K), 6 survivors (6144K)
 Metaspace       used 139067K, committed 141376K, reserved 1179648K
  class space    used 19057K, committed 20224K, reserved 1048576K
}
Event: 48.909 GC heap after
{Heap after GC invocations=64 (full 0):
 garbage-first heap   total 244736K, used 142969K [0x0000000080000000, 0x0000000100000000)
  region size 1024K, 6 young (6144K), 6 survivors (6144K)
 Metaspace       used 139067K, committed 141376K, reserved 1179648K
  class space    used 19057K, committed 20224K, reserved 1048576K
}
Event: 49.486 GC heap before
{Heap before GC invocations=64 (full 0):
 garbage-first heap   total 244736K, used 161401K [0x0000000080000000, 0x0000000100000000)
  region size 1024K, 26 young (26624K), 6 survivors (6144K)
 Metaspace       used 140960K, committed 143296K, reserved 1179648K
  class space    used 19291K, committed 20480K, reserved 1048576K
}
Event: 49.494 GC heap after
{Heap after GC invocations=65 (full 0):
 garbage-first heap   total 244736K, used 144598K [0x0000000080000000, 0x0000000100000000)
  region size 1024K, 7 young (7168K), 7 survivors (7168K)
 Metaspace       used 140960K, committed 143296K, reserved 1179648K
  class space    used 19291K, committed 20480K, reserved 1048576K
}

