# JRE version: OpenJDK Runtime Environment (21.0.5) (build 21.0.5+-12932927-b750.29)
# Java VM: OpenJDK 64-Bit Server VM (21.0.5+-12932927-b750.29, mixed mode, tiered, compressed oops, compressed class ptrs, g1 gc, windows-amd64)
GC Precious Log:
 CardTable entry size: 512
 Card Set container configuration: InlinePtr #cards 5 size 8 Array Of Cards #cards 12 size 40 Howl #buckets 4 coarsen threshold 1843 Howl Bitmap #cards 512 size 80 coarsen threshold 460 Card regions per heap region 1 cards per card region 2048
 CPUs: 8 total, 8 available
 Memory: 8025M
 Large Page Support: Disabled
 NUMA Support: Disabled
 Compressed Oops: Enabled (32-bit)
 Heap Region Size: 1M
 Heap Min Capacity: 8M
 Heap Initial Capacity: 126M
 Heap Max Capacity: 2G
 Pre-touch: Disabled
 Parallel Workers: 8
 Concurrent Workers: 2
 Concurrent Refinement Workers: 8
 Periodic GC: Disabled
Heap:
 garbage-first heap   total 254976K, used 145412K [0x0000000080000000, 0x0000000100000000)
  region size 1024K, 6 young (6144K), 6 survivors (6144K)
 Metaspace       used 135826K, committed 138240K, reserved 1179648K
  class space    used 18635K, committed 19840K, reserved 1048576K
GC Heap History (20 events):
Event: 15.189 GC heap after
{Heap after GC invocations=41 (full 0):
 garbage-first heap   total 188416K, used 116449K [0x0000000080000000, 0x0000000100000000)
  region size 1024K, 8 young (8192K), 8 survivors (8192K)
 Metaspace       used 111157K, committed 113344K, reserved 1179648K
  class space    used 15284K, committed 16384K, reserved 1048576K
}
Event: 15.567 GC heap before
{Heap before GC invocations=41 (full 0):
 garbage-first heap   total 188416K, used 167649K [0x0000000080000000, 0x0000000100000000)
  region size 1024K, 59 young (60416K), 8 survivors (8192K)
 Metaspace       used 111418K, committed 113664K, reserved 1179648K
  class space    used 15314K, committed 16448K, reserved 1048576K
}
Event: 15.576 GC heap after
{Heap after GC invocations=42 (full 0):
 garbage-first heap   total 240640K, used 119222K [0x0000000080000000, 0x0000000100000000)
  region size 1024K, 5 young (5120K), 5 survivors (5120K)
 Metaspace       used 111418K, committed 113664K, reserved 1179648K
  class space    used 15314K, committed 16448K, reserved 1048576K
}
Event: 16.200 GC heap before
{Heap before GC invocations=43 (full 0):
 garbage-first heap   total 240640K, used 215478K [0x0000000080000000, 0x0000000100000000)
  region size 1024K, 100 young (102400K), 5 survivors (5120K)
 Metaspace       used 111647K, committed 113856K, reserved 1179648K
  class space    used 15336K, committed 16448K, reserved 1048576K
}
Event: 16.209 GC heap after
{Heap after GC invocations=44 (full 0):
 garbage-first heap   total 240640K, used 123445K [0x0000000080000000, 0x0000000100000000)
  region size 1024K, 10 young (10240K), 10 survivors (10240K)
 Metaspace       used 111647K, committed 113856K, reserved 1179648K
  class space    used 15336K, committed 16448K, reserved 1048576K
}
Event: 58.725 GC heap before
{Heap before GC invocations=44 (full 0):
 garbage-first heap   total 240640K, used 214581K [0x0000000080000000, 0x0000000100000000)
  region size 1024K, 100 young (102400K), 10 survivors (10240K)
 Metaspace       used 112884K, committed 115072K, reserved 1179648K
  class space    used 15509K, committed 16640K, reserved 1048576K
}
Event: 58.765 GC heap after
{Heap after GC invocations=45 (full 0):
 garbage-first heap   total 240640K, used 124997K [0x0000000080000000, 0x0000000100000000)
  region size 1024K, 10 young (10240K), 10 survivors (10240K)
 Metaspace       used 112884K, committed 115072K, reserved 1179648K
  class space    used 15509K, committed 16640K, reserved 1048576K
}
Event: 540.363 GC heap before
{Heap before GC invocations=45 (full 0):
 garbage-first heap   total 240640K, used 216133K [0x0000000080000000, 0x0000000100000000)
  region size 1024K, 99 young (101376K), 10 survivors (10240K)
 Metaspace       used 113559K, committed 115840K, reserved 1179648K
  class space    used 15516K, committed 16640K, reserved 1048576K
}
Event: 540.409 GC heap after
{Heap after GC invocations=46 (full 0):
 garbage-first heap   total 240640K, used 133388K [0x0000000080000000, 0x0000000100000000)
  region size 1024K, 13 young (13312K), 13 survivors (13312K)
 Metaspace       used 113559K, committed 115840K, reserved 1179648K
  class space    used 15516K, committed 16640K, reserved 1048576K
}
Event: 542.269 GC heap before
{Heap before GC invocations=47 (full 0):
 garbage-first heap   total 240640K, used 212236K [0x0000000080000000, 0x0000000100000000)
  region size 1024K, 91 young (93184K), 13 survivors (13312K)
 Metaspace       used 114994K, committed 117248K, reserved 1179648K
  class space    used 15708K, committed 16832K, reserved 1048576K
}
Event: 542.297 GC heap after
{Heap after GC invocations=48 (full 0):
 garbage-first heap   total 240640K, used 143568K [0x0000000080000000, 0x0000000100000000)
  region size 1024K, 11 young (11264K), 11 survivors (11264K)
 Metaspace       used 114994K, committed 117248K, reserved 1179648K
  class space    used 15708K, committed 16832K, reserved 1048576K
}
Event: 548.932 GC heap before
{Heap before GC invocations=48 (full 0):
 garbage-first heap   total 240640K, used 219344K [0x0000000080000000, 0x0000000100000000)
  region size 1024K, 81 young (82944K), 11 survivors (11264K)
 Metaspace       used 120079K, committed 122432K, reserved 1179648K
  class space    used 16301K, committed 17472K, reserved 1048576K
}
Event: 548.951 GC heap after
{Heap after GC invocations=49 (full 0):
 garbage-first heap   total 240640K, used 148185K [0x0000000080000000, 0x0000000100000000)
  region size 1024K, 6 young (6144K), 6 survivors (6144K)
 Metaspace       used 120079K, committed 122432K, reserved 1179648K
  class space    used 16301K, committed 17472K, reserved 1048576K
}
Event: 550.087 GC heap before
{Heap before GC invocations=49 (full 0):
 garbage-first heap   total 240640K, used 219865K [0x0000000080000000, 0x0000000100000000)
  region size 1024K, 77 young (78848K), 6 survivors (6144K)
 Metaspace       used 127591K, committed 129920K, reserved 1179648K
  class space    used 17404K, committed 18560K, reserved 1048576K
}
Event: 550.095 GC heap after
{Heap after GC invocations=50 (full 0):
 garbage-first heap   total 240640K, used 152303K [0x0000000080000000, 0x0000000100000000)
  region size 1024K, 10 young (10240K), 10 survivors (10240K)
 Metaspace       used 127591K, committed 129920K, reserved 1179648K
  class space    used 17404K, committed 18560K, reserved 1048576K
}
Event: 550.853 GC heap before
{Heap before GC invocations=51 (full 0):
 garbage-first heap   total 254976K, used 215791K [0x0000000080000000, 0x0000000100000000)
  region size 1024K, 73 young (74752K), 10 survivors (10240K)
 Metaspace       used 134081K, committed 136448K, reserved 1179648K
  class space    used 18523K, committed 19712K, reserved 1048576K
}
Event: 550.869 GC heap after
{Heap after GC invocations=52 (full 0):
 garbage-first heap   total 254976K, used 157097K [0x0000000080000000, 0x0000000100000000)
  region size 1024K, 10 young (10240K), 10 survivors (10240K)
 Metaspace       used 134081K, committed 136448K, reserved 1179648K
  class space    used 18523K, committed 19712K, reserved 1048576K
}
Event: 551.444 GC heap before
{Heap before GC invocations=52 (full 0):
 garbage-first heap   total 254976K, used 230825K [0x0000000080000000, 0x0000000100000000)
  region size 1024K, 82 young (83968K), 10 survivors (10240K)
 Metaspace       used 135324K, committed 137664K, reserved 1179648K
  class space    used 18606K, committed 19776K, reserved 1048576K
}
Event: 551.464 GC heap after
{Heap after GC invocations=53 (full 0):
 garbage-first heap   total 254976K, used 144901K [0x0000000080000000, 0x0000000100000000)
  region size 1024K, 5 young (5120K), 5 survivors (5120K)
 Metaspace       used 135324K, committed 137664K, reserved 1179648K
  class space    used 18606K, committed 19776K, reserved 1048576K
}
Event: 551.948 GC heap before
{Heap before GC invocations=53 (full 0):
 garbage-first heap   total 254976K, used 236037K [0x0000000080000000, 0x0000000100000000)
  region size 1024K, 94 young (96256K), 5 survivors (5120K)
 Metaspace       used 135826K, committed 138240K, reserved 1179648K
  class space    used 18635K, committed 19840K, reserved 1048576K
}

