# JRE version: OpenJDK Runtime Environment (21.0.5) (build 21.0.5+-12932927-b750.29)
# Java VM: OpenJDK 64-Bit Server VM (21.0.5+-12932927-b750.29, mixed mode, tiered, compressed oops, compressed class ptrs, g1 gc, windows-amd64)
GC Precious Log:
 CardTable entry size: 512
 Card Set container configuration: InlinePtr #cards 5 size 8 Array Of Cards #cards 12 size 40 Howl #buckets 4 coarsen threshold 1843 Howl Bitmap #cards 512 size 80 coarsen threshold 460 Card regions per heap region 1 cards per card region 2048
 CPUs: 8 total, 8 available
 Memory: 8025M
 Large Page Support: Disabled
 NUMA Support: Disabled
 Compressed Oops: Enabled (32-bit)
 Heap Region Size: 1M
 Heap Min Capacity: 8M
 Heap Initial Capacity: 126M
 Heap Max Capacity: 2G
 Pre-touch: Disabled
 Parallel Workers: 8
 Concurrent Workers: 2
 Concurrent Refinement Workers: 8
 Periodic GC: Disabled
Heap:
 garbage-first heap   total 495616K, used 224528K [0x0000000080000000, 0x0000000100000000)
  region size 1024K, 97 young (99328K), 21 survivors (21504K)
 Metaspace       used 139460K, committed 141888K, reserved 1179648K
  class space    used 19066K, committed 20288K, reserved 1048576K
GC Heap History (20 events):
Event: 19.400 GC heap before
{Heap before GC invocations=41 (full 0):
 garbage-first heap   total 193536K, used 173070K [0x0000000080000000, 0x0000000100000000)
  region size 1024K, 68 young (69632K), 8 survivors (8192K)
 Metaspace       used 111442K, committed 113600K, reserved 1179648K
  class space    used 15298K, committed 16384K, reserved 1048576K
}
Event: 19.411 GC heap after
{Heap after GC invocations=42 (full 0):
 garbage-first heap   total 193536K, used 115670K [0x0000000080000000, 0x0000000100000000)
  region size 1024K, 8 young (8192K), 8 survivors (8192K)
 Metaspace       used 111442K, committed 113600K, reserved 1179648K
  class space    used 15298K, committed 16384K, reserved 1048576K
}
Event: 20.253 GC heap before
{Heap before GC invocations=42 (full 0):
 garbage-first heap   total 193536K, used 173014K [0x0000000080000000, 0x0000000100000000)
  region size 1024K, 65 young (66560K), 8 survivors (8192K)
 Metaspace       used 114381K, committed 116608K, reserved 1179648K
  class space    used 15671K, committed 16768K, reserved 1048576K
}
Event: 20.262 GC heap after
{Heap after GC invocations=43 (full 0):
 garbage-first heap   total 193536K, used 120442K [0x0000000080000000, 0x0000000100000000)
  region size 1024K, 9 young (9216K), 9 survivors (9216K)
 Metaspace       used 114381K, committed 116608K, reserved 1179648K
  class space    used 15671K, committed 16768K, reserved 1048576K
}
Event: 20.750 GC heap before
{Heap before GC invocations=44 (full 0):
 garbage-first heap   total 203776K, used 170618K [0x0000000080000000, 0x0000000100000000)
  region size 1024K, 59 young (60416K), 9 survivors (9216K)
 Metaspace       used 115014K, committed 117248K, reserved 1179648K
  class space    used 15788K, committed 16896K, reserved 1048576K
}
Event: 20.761 GC heap after
{Heap after GC invocations=45 (full 0):
 garbage-first heap   total 203776K, used 123150K [0x0000000080000000, 0x0000000100000000)
  region size 1024K, 8 young (8192K), 8 survivors (8192K)
 Metaspace       used 115014K, committed 117248K, reserved 1179648K
  class space    used 15788K, committed 16896K, reserved 1048576K
}
Event: 28.600 GC heap before
{Heap before GC invocations=45 (full 0):
 garbage-first heap   total 203776K, used 181518K [0x0000000080000000, 0x0000000100000000)
  region size 1024K, 66 young (67584K), 8 survivors (8192K)
 Metaspace       used 116368K, committed 118656K, reserved 1179648K
  class space    used 15995K, committed 17152K, reserved 1048576K
}
Event: 28.614 GC heap after
{Heap after GC invocations=46 (full 0):
 garbage-first heap   total 203776K, used 124133K [0x0000000080000000, 0x0000000100000000)
  region size 1024K, 5 young (5120K), 5 survivors (5120K)
 Metaspace       used 116368K, committed 118656K, reserved 1179648K
  class space    used 15995K, committed 17152K, reserved 1048576K
}
Event: 28.748 GC heap before
{Heap before GC invocations=46 (full 0):
 garbage-first heap   total 203776K, used 141541K [0x0000000080000000, 0x0000000100000000)
  region size 1024K, 24 young (24576K), 5 survivors (5120K)
 Metaspace       used 116410K, committed 118656K, reserved 1179648K
  class space    used 16000K, committed 17152K, reserved 1048576K
}
Event: 28.756 GC heap after
{Heap after GC invocations=47 (full 0):
 garbage-first heap   total 203776K, used 125668K [0x0000000080000000, 0x0000000100000000)
  region size 1024K, 7 young (7168K), 7 survivors (7168K)
 Metaspace       used 116410K, committed 118656K, reserved 1179648K
  class space    used 16000K, committed 17152K, reserved 1048576K
}
Event: 29.685 GC heap before
{Heap before GC invocations=48 (full 0):
 garbage-first heap   total 220160K, used 187108K [0x0000000080000000, 0x0000000100000000)
  region size 1024K, 63 young (64512K), 7 survivors (7168K)
 Metaspace       used 123017K, committed 125312K, reserved 1179648K
  class space    used 16818K, committed 17984K, reserved 1048576K
}
Event: 29.692 GC heap after
{Heap after GC invocations=49 (full 0):
 garbage-first heap   total 220160K, used 126684K [0x0000000080000000, 0x0000000100000000)
  region size 1024K, 6 young (6144K), 6 survivors (6144K)
 Metaspace       used 123017K, committed 125312K, reserved 1179648K
  class space    used 16818K, committed 17984K, reserved 1048576K
}
Event: 30.885 GC heap before
{Heap before GC invocations=49 (full 0):
 garbage-first heap   total 220160K, used 199388K [0x0000000080000000, 0x0000000100000000)
  region size 1024K, 78 young (79872K), 6 survivors (6144K)
 Metaspace       used 132609K, committed 134912K, reserved 1179648K
  class space    used 18245K, committed 19392K, reserved 1048576K
}
Event: 30.893 GC heap after
{Heap after GC invocations=50 (full 0):
 garbage-first heap   total 220160K, used 127833K [0x0000000080000000, 0x0000000100000000)
  region size 1024K, 7 young (7168K), 7 survivors (7168K)
 Metaspace       used 132609K, committed 134912K, reserved 1179648K
  class space    used 18245K, committed 19392K, reserved 1048576K
}
Event: 31.898 GC heap before
{Heap before GC invocations=50 (full 0):
 garbage-first heap   total 220160K, used 181081K [0x0000000080000000, 0x0000000100000000)
  region size 1024K, 61 young (62464K), 7 survivors (7168K)
 Metaspace       used 137144K, committed 139456K, reserved 1179648K
  class space    used 18889K, committed 20032K, reserved 1048576K
}
Event: 31.907 GC heap after
{Heap after GC invocations=51 (full 0):
 garbage-first heap   total 220160K, used 130927K [0x0000000080000000, 0x0000000100000000)
  region size 1024K, 8 young (8192K), 8 survivors (8192K)
 Metaspace       used 137144K, committed 139456K, reserved 1179648K
  class space    used 18889K, committed 20032K, reserved 1048576K
}
Event: 295.501 GC heap before
{Heap before GC invocations=52 (full 0):
 garbage-first heap   total 462848K, used 331631K [0x0000000080000000, 0x0000000100000000)
  region size 1024K, 62 young (63488K), 8 survivors (8192K)
 Metaspace       used 138204K, committed 140608K, reserved 1179648K
  class space    used 19053K, committed 20288K, reserved 1048576K
}
Event: 295.652 GC heap after
{Heap after GC invocations=53 (full 0):
 garbage-first heap   total 462848K, used 131761K [0x0000000080000000, 0x0000000100000000)
  region size 1024K, 5 young (5120K), 5 survivors (5120K)
 Metaspace       used 138204K, committed 140608K, reserved 1179648K
  class space    used 19053K, committed 20288K, reserved 1048576K
}
Event: 306.402 GC heap before
{Heap before GC invocations=53 (full 0):
 garbage-first heap   total 471040K, used 469681K [0x0000000080000000, 0x0000000100000000)
  region size 1024K, 194 young (198656K), 5 survivors (5120K)
 Metaspace       used 139306K, committed 141696K, reserved 1179648K
  class space    used 19059K, committed 20288K, reserved 1048576K
}
Event: 306.630 GC heap after
{Heap after GC invocations=54 (full 0):
 garbage-first heap   total 495616K, used 147728K [0x0000000080000000, 0x0000000100000000)
  region size 1024K, 21 young (21504K), 21 survivors (21504K)
 Metaspace       used 139306K, committed 141696K, reserved 1179648K
  class space    used 19059K, committed 20288K, reserved 1048576K
}

