# JRE version: OpenJDK Runtime Environment (21.0.5) (build 21.0.5+-12932927-b750.29)
# Java VM: OpenJDK 64-Bit Server VM (21.0.5+-12932927-b750.29, mixed mode, tiered, compressed oops, compressed class ptrs, g1 gc, windows-amd64)
GC Precious Log:
 CardTable entry size: 512
 Card Set container configuration: InlinePtr #cards 5 size 8 Array Of Cards #cards 12 size 40 Howl #buckets 4 coarsen threshold 1843 Howl Bitmap #cards 512 size 80 coarsen threshold 460 Card regions per heap region 1 cards per card region 2048
 CPUs: 8 total, 8 available
 Memory: 8025M
 Large Page Support: Disabled
 NUMA Support: Disabled
 Compressed Oops: Enabled (32-bit)
 Heap Region Size: 1M
 Heap Min Capacity: 8M
 Heap Initial Capacity: 126M
 Heap Max Capacity: 2G
 Pre-touch: Disabled
 Parallel Workers: 8
 Concurrent Workers: 2
 Concurrent Refinement Workers: 8
 Periodic GC: Disabled
Heap:
 garbage-first heap   total 409600K, used 402794K [0x0000000080000000, 0x0000000100000000)
  region size 1024K, 134 young (137216K), 9 survivors (9216K)
 Metaspace       used 148652K, committed 151104K, reserved 1179648K
  class space    used 19728K, committed 21376K, reserved 1048576K
GC Heap History (20 events):
Event: 1698.119 GC heap before
{Heap before GC invocations=58 (full 0):
 garbage-first heap   total 242688K, used 220798K [0x0000000080000000, 0x0000000100000000)
  region size 1024K, 80 young (81920K), 4 survivors (4096K)
 Metaspace       used 114332K, committed 116544K, reserved 1179648K
  class space    used 15536K, committed 16640K, reserved 1048576K
}
Event: 1698.134 GC heap after
{Heap after GC invocations=59 (full 0):
 garbage-first heap   total 242688K, used 151933K [0x0000000080000000, 0x0000000100000000)
  region size 1024K, 10 young (10240K), 10 survivors (10240K)
 Metaspace       used 114332K, committed 116544K, reserved 1179648K
  class space    used 15536K, committed 16640K, reserved 1048576K
}
Event: 1699.455 GC heap before
{Heap before GC invocations=59 (full 0):
 garbage-first heap   total 242688K, used 224637K [0x0000000080000000, 0x0000000100000000)
  region size 1024K, 75 young (76800K), 10 survivors (10240K)
 Metaspace       used 116943K, committed 119168K, reserved 1179648K
  class space    used 15767K, committed 16896K, reserved 1048576K
}
Event: 1699.488 GC heap after
{Heap after GC invocations=60 (full 0):
 garbage-first heap   total 267264K, used 161665K [0x0000000080000000, 0x0000000100000000)
  region size 1024K, 10 young (10240K), 10 survivors (10240K)
 Metaspace       used 116943K, committed 119168K, reserved 1179648K
  class space    used 15767K, committed 16896K, reserved 1048576K
}
Event: 1699.864 GC heap before
{Heap before GC invocations=60 (full 0):
 garbage-first heap   total 267264K, used 183169K [0x0000000080000000, 0x0000000100000000)
  region size 1024K, 33 young (33792K), 10 survivors (10240K)
 Metaspace       used 117511K, committed 119744K, reserved 1179648K
  class space    used 15824K, committed 16960K, reserved 1048576K
}
Event: 1699.880 GC heap after
{Heap after GC invocations=61 (full 0):
 garbage-first heap   total 267264K, used 169808K [0x0000000080000000, 0x0000000100000000)
  region size 1024K, 7 young (7168K), 7 survivors (7168K)
 Metaspace       used 117511K, committed 119744K, reserved 1179648K
  class space    used 15824K, committed 16960K, reserved 1048576K
}
Event: 1700.774 GC heap before
{Heap before GC invocations=62 (full 0):
 garbage-first heap   total 301056K, used 255824K [0x0000000080000000, 0x0000000100000000)
  region size 1024K, 72 young (73728K), 7 survivors (7168K)
 Metaspace       used 120012K, committed 122176K, reserved 1179648K
  class space    used 16106K, committed 17216K, reserved 1048576K
}
Event: 1700.782 GC heap after
{Heap after GC invocations=63 (full 0):
 garbage-first heap   total 301056K, used 166553K [0x0000000080000000, 0x0000000100000000)
  region size 1024K, 7 young (7168K), 7 survivors (7168K)
 Metaspace       used 120012K, committed 122176K, reserved 1179648K
  class space    used 16106K, committed 17216K, reserved 1048576K
}
Event: 1714.066 GC heap before
{Heap before GC invocations=63 (full 0):
 garbage-first heap   total 301056K, used 264857K [0x0000000080000000, 0x0000000100000000)
  region size 1024K, 104 young (106496K), 7 survivors (7168K)
 Metaspace       used 125976K, committed 128384K, reserved 1179648K
  class space    used 16906K, committed 18112K, reserved 1048576K
}
Event: 1714.079 GC heap after
{Heap after GC invocations=64 (full 0):
 garbage-first heap   total 301056K, used 161092K [0x0000000080000000, 0x0000000100000000)
  region size 1024K, 13 young (13312K), 13 survivors (13312K)
 Metaspace       used 125976K, committed 128384K, reserved 1179648K
  class space    used 16906K, committed 18112K, reserved 1048576K
}
Event: 1715.407 GC heap before
{Heap before GC invocations=64 (full 0):
 garbage-first heap   total 301056K, used 267588K [0x0000000080000000, 0x0000000100000000)
  region size 1024K, 118 young (120832K), 13 survivors (13312K)
 Metaspace       used 139513K, committed 141888K, reserved 1179648K
  class space    used 19077K, committed 20288K, reserved 1048576K
}
Event: 1715.420 GC heap after
{Heap after GC invocations=65 (full 0):
 garbage-first heap   total 301056K, used 165801K [0x0000000080000000, 0x0000000100000000)
  region size 1024K, 11 young (11264K), 11 survivors (11264K)
 Metaspace       used 139513K, committed 141888K, reserved 1179648K
  class space    used 19077K, committed 20288K, reserved 1048576K
}
Event: 1716.329 GC heap before
{Heap before GC invocations=66 (full 0):
 garbage-first heap   total 301056K, used 264105K [0x0000000080000000, 0x0000000100000000)
  region size 1024K, 115 young (117760K), 11 survivors (11264K)
 Metaspace       used 143235K, committed 145664K, reserved 1179648K
  class space    used 19594K, committed 20800K, reserved 1048576K
}
Event: 1716.337 GC heap after
{Heap after GC invocations=67 (full 0):
 garbage-first heap   total 301056K, used 157181K [0x0000000080000000, 0x0000000100000000)
  region size 1024K, 4 young (4096K), 4 survivors (4096K)
 Metaspace       used 143235K, committed 145664K, reserved 1179648K
  class space    used 19594K, committed 20800K, reserved 1048576K
}
Event: 1717.184 GC heap before
{Heap before GC invocations=67 (full 0):
 garbage-first heap   total 346112K, used 344573K [0x0000000080000000, 0x0000000100000000)
  region size 1024K, 43 young (44032K), 4 survivors (4096K)
 Metaspace       used 146447K, committed 148864K, reserved 1179648K
  class space    used 20074K, committed 21312K, reserved 1048576K
}
Event: 1717.194 GC heap after
{Heap after GC invocations=68 (full 0):
 garbage-first heap   total 359424K, used 145268K [0x0000000080000000, 0x0000000100000000)
  region size 1024K, 4 young (4096K), 4 survivors (4096K)
 Metaspace       used 146447K, committed 148864K, reserved 1179648K
  class space    used 20074K, committed 21312K, reserved 1048576K
}
Event: 2498.357 GC heap before
{Heap before GC invocations=68 (full 0):
 garbage-first heap   total 359424K, used 295796K [0x0000000080000000, 0x0000000100000000)
  region size 1024K, 153 young (156672K), 4 survivors (4096K)
 Metaspace       used 146890K, committed 149376K, reserved 1179648K
  class space    used 20101K, committed 21376K, reserved 1048576K
}
Event: 2498.459 GC heap after
{Heap after GC invocations=69 (full 0):
 garbage-first heap   total 359424K, used 158726K [0x0000000080000000, 0x0000000100000000)
  region size 1024K, 17 young (17408K), 17 survivors (17408K)
 Metaspace       used 146890K, committed 149376K, reserved 1179648K
  class space    used 20101K, committed 21376K, reserved 1048576K
}
Event: 2509.705 GC heap before
{Heap before GC invocations=70 (full 0):
 garbage-first heap   total 359424K, used 339974K [0x0000000080000000, 0x0000000100000000)
  region size 1024K, 176 young (180224K), 17 survivors (17408K)
 Metaspace       used 147702K, committed 150336K, reserved 1179648K
  class space    used 19707K, committed 21376K, reserved 1048576K
}
Event: 2509.766 GC heap after
{Heap after GC invocations=71 (full 0):
 garbage-first heap   total 367616K, used 166802K [0x0000000080000000, 0x0000000100000000)
  region size 1024K, 9 young (9216K), 9 survivors (9216K)
 Metaspace       used 147702K, committed 150336K, reserved 1179648K
  class space    used 19707K, committed 21376K, reserved 1048576K
}

