# JRE version: OpenJDK Runtime Environment (21.0.5) (build 21.0.5+-12932927-b750.29)
# Java VM: OpenJDK 64-Bit Server VM (21.0.5+-12932927-b750.29, mixed mode, tiered, compressed oops, compressed class ptrs, g1 gc, windows-amd64)
GC Precious Log:
 CardTable entry size: 512
 Card Set container configuration: InlinePtr #cards 5 size 8 Array Of Cards #cards 12 size 40 Howl #buckets 4 coarsen threshold 1843 Howl Bitmap #cards 512 size 80 coarsen threshold 460 Card regions per heap region 1 cards per card region 2048
 CPUs: 8 total, 8 available
 Memory: 8025M
 Large Page Support: Disabled
 NUMA Support: Disabled
 Compressed Oops: Enabled (32-bit)
 Heap Region Size: 1M
 Heap Min Capacity: 8M
 Heap Initial Capacity: 126M
 Heap Max Capacity: 2G
 Pre-touch: Disabled
 Parallel Workers: 8
 Concurrent Workers: 2
 Concurrent Refinement Workers: 8
 Periodic GC: Disabled
Heap:
 garbage-first heap   total 256000K, used 219765K [0x0000000080000000, 0x0000000100000000)
  region size 1024K, 11 young (11264K), 7 survivors (7168K)
 Metaspace       used 136966K, committed 139328K, reserved 1179648K
  class space    used 18846K, committed 20032K, reserved 1048576K
GC Heap History (20 events):
Event: 14.842 GC heap before
{Heap before GC invocations=33 (full 0):
 garbage-first heap   total 171008K, used 152252K [0x0000000080000000, 0x0000000100000000)
  region size 1024K, 61 young (62464K), 8 survivors (8192K)
 Metaspace       used 110258K, committed 112448K, reserved 1179648K
  class space    used 15156K, committed 16256K, reserved 1048576K
}
Event: 14.852 GC heap after
{Heap after GC invocations=34 (full 0):
 garbage-first heap   total 171008K, used 103424K [0x0000000080000000, 0x0000000100000000)
  region size 1024K, 8 young (8192K), 8 survivors (8192K)
 Metaspace       used 110258K, committed 112448K, reserved 1179648K
  class space    used 15156K, committed 16256K, reserved 1048576K
}
Event: 15.272 GC heap before
{Heap before GC invocations=34 (full 0):
 garbage-first heap   total 171008K, used 152576K [0x0000000080000000, 0x0000000100000000)
  region size 1024K, 57 young (58368K), 8 survivors (8192K)
 Metaspace       used 110547K, committed 112768K, reserved 1179648K
  class space    used 15166K, committed 16320K, reserved 1048576K
}
Event: 15.284 GC heap after
{Heap after GC invocations=35 (full 0):
 garbage-first heap   total 171008K, used 108656K [0x0000000080000000, 0x0000000100000000)
  region size 1024K, 6 young (6144K), 6 survivors (6144K)
 Metaspace       used 110547K, committed 112768K, reserved 1179648K
  class space    used 15166K, committed 16320K, reserved 1048576K
}
Event: 15.675 GC heap before
{Heap before GC invocations=35 (full 0):
 garbage-first heap   total 171008K, used 153712K [0x0000000080000000, 0x0000000100000000)
  region size 1024K, 51 young (52224K), 6 survivors (6144K)
 Metaspace       used 111086K, committed 113280K, reserved 1179648K
  class space    used 15267K, committed 16384K, reserved 1048576K
}
Event: 15.682 GC heap after
{Heap after GC invocations=36 (full 0):
 garbage-first heap   total 171008K, used 111812K [0x0000000080000000, 0x0000000100000000)
  region size 1024K, 4 young (4096K), 4 survivors (4096K)
 Metaspace       used 111086K, committed 113280K, reserved 1179648K
  class space    used 15267K, committed 16384K, reserved 1048576K
}
Event: 15.987 GC heap before
{Heap before GC invocations=37 (full 0):
 garbage-first heap   total 188416K, used 154820K [0x0000000080000000, 0x0000000100000000)
  region size 1024K, 47 young (48128K), 4 survivors (4096K)
 Metaspace       used 111174K, committed 113408K, reserved 1179648K
  class space    used 15277K, committed 16448K, reserved 1048576K
}
Event: 15.994 GC heap after
{Heap after GC invocations=38 (full 0):
 garbage-first heap   total 188416K, used 113577K [0x0000000080000000, 0x0000000100000000)
  region size 1024K, 5 young (5120K), 5 survivors (5120K)
 Metaspace       used 111174K, committed 113408K, reserved 1179648K
  class space    used 15277K, committed 16448K, reserved 1048576K
}
Event: 16.498 GC heap before
{Heap before GC invocations=38 (full 0):
 garbage-first heap   total 188416K, used 171945K [0x0000000080000000, 0x0000000100000000)
  region size 1024K, 63 young (64512K), 5 survivors (5120K)
 Metaspace       used 111836K, committed 114048K, reserved 1179648K
  class space    used 15378K, committed 16512K, reserved 1048576K
}
Event: 16.509 GC heap after
{Heap after GC invocations=39 (full 0):
 garbage-first heap   total 233472K, used 116234K [0x0000000080000000, 0x0000000100000000)
  region size 1024K, 6 young (6144K), 6 survivors (6144K)
 Metaspace       used 111836K, committed 114048K, reserved 1179648K
  class space    used 15378K, committed 16512K, reserved 1048576K
}
Event: 17.287 GC heap before
{Heap before GC invocations=39 (full 0):
 garbage-first heap   total 233472K, used 213514K [0x0000000080000000, 0x0000000100000000)
  region size 1024K, 102 young (104448K), 6 survivors (6144K)
 Metaspace       used 115519K, committed 117760K, reserved 1179648K
  class space    used 15846K, committed 16960K, reserved 1048576K
}
Event: 17.296 GC heap after
{Heap after GC invocations=40 (full 0):
 garbage-first heap   total 233472K, used 122070K [0x0000000080000000, 0x0000000100000000)
  region size 1024K, 12 young (12288K), 12 survivors (12288K)
 Metaspace       used 115519K, committed 117760K, reserved 1179648K
  class space    used 15846K, committed 16960K, reserved 1048576K
}
Event: 20.591 GC heap before
{Heap before GC invocations=40 (full 0):
 garbage-first heap   total 233472K, used 183510K [0x0000000080000000, 0x0000000100000000)
  region size 1024K, 74 young (75776K), 12 survivors (12288K)
 Metaspace       used 116146K, committed 118464K, reserved 1179648K
  class space    used 15943K, committed 17088K, reserved 1048576K
}
Event: 20.604 GC heap after
{Heap after GC invocations=41 (full 0):
 garbage-first heap   total 233472K, used 125353K [0x0000000080000000, 0x0000000100000000)
  region size 1024K, 10 young (10240K), 10 survivors (10240K)
 Metaspace       used 116146K, committed 118464K, reserved 1179648K
  class space    used 15943K, committed 17088K, reserved 1048576K
}
Event: 22.188 GC heap before
{Heap before GC invocations=42 (full 0):
 garbage-first heap   total 233472K, used 214441K [0x0000000080000000, 0x0000000100000000)
  region size 1024K, 93 young (95232K), 10 survivors (10240K)
 Metaspace       used 126359K, committed 128640K, reserved 1179648K
  class space    used 17261K, committed 18432K, reserved 1048576K
}
Event: 22.199 GC heap after
{Heap after GC invocations=43 (full 0):
 garbage-first heap   total 233472K, used 127335K [0x0000000080000000, 0x0000000100000000)
  region size 1024K, 6 young (6144K), 6 survivors (6144K)
 Metaspace       used 126359K, committed 128640K, reserved 1179648K
  class space    used 17261K, committed 18432K, reserved 1048576K
}
Event: 23.996 GC heap before
{Heap before GC invocations=43 (full 0):
 garbage-first heap   total 233472K, used 213351K [0x0000000080000000, 0x0000000100000000)
  region size 1024K, 91 young (93184K), 6 survivors (6144K)
 Metaspace       used 135040K, committed 137344K, reserved 1179648K
  class space    used 18615K, committed 19776K, reserved 1048576K
}
Event: 24.008 GC heap after
{Heap after GC invocations=44 (full 0):
 garbage-first heap   total 233472K, used 130290K [0x0000000080000000, 0x0000000100000000)
  region size 1024K, 9 young (9216K), 9 survivors (9216K)
 Metaspace       used 135040K, committed 137344K, reserved 1179648K
  class space    used 18615K, committed 19776K, reserved 1048576K
}
Event: 24.418 GC heap before
{Heap before GC invocations=44 (full 0):
 garbage-first heap   total 233472K, used 144626K [0x0000000080000000, 0x0000000100000000)
  region size 1024K, 25 young (25600K), 9 survivors (9216K)
 Metaspace       used 136840K, committed 139200K, reserved 1179648K
  class space    used 18838K, committed 20032K, reserved 1048576K
}
Event: 24.428 GC heap after
{Heap after GC invocations=45 (full 0):
 garbage-first heap   total 233472K, used 131435K [0x0000000080000000, 0x0000000100000000)
  region size 1024K, 7 young (7168K), 7 survivors (7168K)
 Metaspace       used 136840K, committed 139200K, reserved 1179648K
  class space    used 18838K, committed 20032K, reserved 1048576K
}

